2017-10-05 12:40:12,390 - Log4JLogChute initialized using file 'target\velocity.log'
2017-10-05 12:40:12,391 - Initializing Velocity, Calling init()...
2017-10-05 12:40:12,391 - Starting Apache Velocity v1.7 (compiled: 2010-11-19 12:14:37)
2017-10-05 12:40:12,391 - Default Properties File: org\apache\velocity\runtime\defaults\velocity.properties
2017-10-05 12:40:12,391 - Trying to use logger class org.apache.velocity.runtime.log.AvalonLogChute
2017-10-05 12:40:12,391 - Target log system for org.apache.velocity.runtime.log.AvalonLogChute is not available (java.lang.NoClassDefFoundError: org/apache/log/format/Formatter).  Falling back to next log system...
2017-10-05 12:40:12,391 - Trying to use logger class org.apache.velocity.runtime.log.Log4JLogChute
2017-10-05 12:40:12,391 - Using logger class org.apache.velocity.runtime.log.Log4JLogChute
2017-10-05 12:40:12,393 - ResourceLoader instantiated: org.apache.velocity.runtime.resource.loader.ClasspathResourceLoader
2017-10-05 12:40:12,401 - ResourceCache: initialized (class org.apache.velocity.runtime.resource.ResourceCacheImpl) with class java.util.Collections$SynchronizedMap cache map.
2017-10-05 12:40:12,402 - Loaded System Directive: org.apache.velocity.runtime.directive.Stop
2017-10-05 12:40:12,403 - Loaded System Directive: org.apache.velocity.runtime.directive.Define
2017-10-05 12:40:12,403 - Loaded System Directive: org.apache.velocity.runtime.directive.Break
2017-10-05 12:40:12,403 - Loaded System Directive: org.apache.velocity.runtime.directive.Evaluate
2017-10-05 12:40:12,404 - Loaded System Directive: org.apache.velocity.runtime.directive.Literal
2017-10-05 12:40:12,404 - Loaded System Directive: org.apache.velocity.runtime.directive.Macro
2017-10-05 12:40:12,405 - Loaded System Directive: org.apache.velocity.runtime.directive.Parse
2017-10-05 12:40:12,406 - Loaded System Directive: org.apache.velocity.runtime.directive.Include
2017-10-05 12:40:12,406 - Loaded System Directive: org.apache.velocity.runtime.directive.Foreach
2017-10-05 12:40:12,425 - Created '20' parsers.
2017-10-05 12:40:12,428 - Velocimacro : "velocimacro.library" is not set.  Trying default library: VM_global_library.vm
2017-10-05 12:40:12,428 - Could not load resource 'VM_global_library.vm' from ResourceLoader org.apache.velocity.runtime.resource.loader.ClasspathResourceLoader: ClasspathResourceLoader Error: cannot find resource VM_global_library.vm
2017-10-05 12:40:12,429 - Velocimacro : Default library not found.
2017-10-05 12:40:12,429 - Velocimacro : allowInline = true : VMs can be defined inline in templates
2017-10-05 12:40:12,429 - Velocimacro : allowInlineToOverride = false : VMs defined inline may NOT replace previous VM definitions
2017-10-05 12:40:12,429 - Velocimacro : allowInlineLocal = false : VMs defined inline will be global in scope if allowed.
2017-10-05 12:40:12,429 - Velocimacro : autoload off : VM system will not automatically reload global library macros
2017-10-05 12:40:12,495 - ResourceManager : found templates/generators/errorpage.vm with loader org.apache.velocity.runtime.resource.loader.ClasspathResourceLoader
2017-10-05 12:40:12,499 - ResourceManager : found /templates/headers.vm with loader org.apache.velocity.runtime.resource.loader.ClasspathResourceLoader
2017-10-05 12:40:12,500 - ResourceManager : found /templates/head.vm with loader org.apache.velocity.runtime.resource.loader.ClasspathResourceLoader
2017-10-05 12:40:12,502 - Velocimacro : added VM stringArray: source=/templates/macros/array.js.vm
2017-10-05 12:40:12,502 - Velocimacro : added VM numberArray: source=/templates/macros/array.js.vm
2017-10-05 12:40:12,502 - ResourceManager : found /templates/macros/array.js.vm with loader org.apache.velocity.runtime.resource.loader.ClasspathResourceLoader
2017-10-05 12:40:12,503 - Velocimacro : added VM includeBuildInfo: source=/templates/macros/page/buildinfo.vm
2017-10-05 12:40:12,503 - ResourceManager : found /templates/macros/page/buildinfo.vm with loader org.apache.velocity.runtime.resource.loader.ClasspathResourceLoader
2017-10-05 12:40:12,505 - Velocimacro : added VM includeClassifications: source=/templates/macros/page/classifications.vm
2017-10-05 12:40:12,506 - ResourceManager : found /templates/macros/page/classifications.vm with loader org.apache.velocity.runtime.resource.loader.ClasspathResourceLoader
2017-10-05 12:40:12,506 - Velocimacro : added VM includeLead: source=/templates/macros/page/lead.vm
2017-10-05 12:40:12,506 - ResourceManager : found /templates/macros/page/lead.vm with loader org.apache.velocity.runtime.resource.loader.ClasspathResourceLoader
2017-10-05 12:40:12,508 - Velocimacro : added VM includeNavigation: source=/templates/macros/page/navigation.vm
2017-10-05 12:40:12,508 - ResourceManager : found /templates/macros/page/navigation.vm with loader org.apache.velocity.runtime.resource.loader.ClasspathResourceLoader
2017-10-05 12:40:12,510 - Velocimacro : added VM includeReportInfo: source=/templates/macros/page/reportInfo.vm
2017-10-05 12:40:12,510 - ResourceManager : found /templates/macros/page/reportInfo.vm with loader org.apache.velocity.runtime.resource.loader.ClasspathResourceLoader
2017-10-05 12:40:12,510 - Velocimacro : added VM includeTitle: source=/templates/macros/page/title.vm
2017-10-05 12:40:12,510 - ResourceManager : found /templates/macros/page/title.vm with loader org.apache.velocity.runtime.resource.loader.ClasspathResourceLoader
2017-10-05 12:40:12,511 - Velocimacro : added VM includeExpandingButtons: source=/templates/macros/report/expandAllButtons.vm
2017-10-05 12:40:12,511 - ResourceManager : found /templates/macros/report/expandAllButtons.vm with loader org.apache.velocity.runtime.resource.loader.ClasspathResourceLoader
2017-10-05 12:40:12,514 - Velocimacro : added VM includeReportTable: source=/templates/macros/report/reportTable.vm
2017-10-05 12:40:12,515 - ResourceManager : found /templates/macros/report/reportTable.vm with loader org.apache.velocity.runtime.resource.loader.ClasspathResourceLoader
2017-10-05 12:40:12,515 - Velocimacro : added VM includeReportHeader: source=/templates/macros/report/reportHeader.vm
2017-10-05 12:40:12,515 - ResourceManager : found /templates/macros/report/reportHeader.vm with loader org.apache.velocity.runtime.resource.loader.ClasspathResourceLoader
2017-10-05 12:40:12,520 - Velocimacro : added VM includeStatsTable: source=/templates/macros/report/statsTable.vm
2017-10-05 12:40:12,520 - ResourceManager : found /templates/macros/report/statsTable.vm with loader org.apache.velocity.runtime.resource.loader.ClasspathResourceLoader
2017-10-05 12:40:12,521 - Velocimacro : added VM includeBrief: source=/templates/macros/json/brief.vm
2017-10-05 12:40:12,521 - ResourceManager : found /templates/macros/json/brief.vm with loader org.apache.velocity.runtime.resource.loader.ClasspathResourceLoader
2017-10-05 12:40:12,521 - Velocimacro : added VM includeDocString: source=/templates/macros/json/docstring.vm
2017-10-05 12:40:12,521 - ResourceManager : found /templates/macros/json/docstring.vm with loader org.apache.velocity.runtime.resource.loader.ClasspathResourceLoader
2017-10-05 12:40:12,522 - Velocimacro : added VM includeDuration: source=/templates/macros/json/duration.vm
2017-10-05 12:40:12,522 - ResourceManager : found /templates/macros/json/duration.vm with loader org.apache.velocity.runtime.resource.loader.ClasspathResourceLoader
2017-10-05 12:40:12,525 - Velocimacro : added VM includeElement: source=/templates/macros/json/element.vm
2017-10-05 12:40:12,525 - ResourceManager : found /templates/macros/json/element.vm with loader org.apache.velocity.runtime.resource.loader.ClasspathResourceLoader
2017-10-05 12:40:12,529 - Velocimacro : added VM includeEmbeddings: source=/templates/macros/json/embeddings.vm
2017-10-05 12:40:12,530 - Velocimacro : added VM includeHtmlEmbedding: source=/templates/macros/json/embeddings.vm
2017-10-05 12:40:12,530 - Velocimacro : added VM includeImageEmbedding: source=/templates/macros/json/embeddings.vm
2017-10-05 12:40:12,530 - Velocimacro : added VM includeImageReferenceEmbedding: source=/templates/macros/json/embeddings.vm
2017-10-05 12:40:12,530 - Velocimacro : added VM includeTextEmbedding: source=/templates/macros/json/embeddings.vm
2017-10-05 12:40:12,530 - Velocimacro : added VM includeUnknownEmbedding: source=/templates/macros/json/embeddings.vm
2017-10-05 12:40:12,530 - ResourceManager : found /templates/macros/json/embeddings.vm with loader org.apache.velocity.runtime.resource.loader.ClasspathResourceLoader
2017-10-05 12:40:12,532 - Velocimacro : added VM includeHooks: source=/templates/macros/json/hooks.vm
2017-10-05 12:40:12,532 - ResourceManager : found /templates/macros/json/hooks.vm with loader org.apache.velocity.runtime.resource.loader.ClasspathResourceLoader
2017-10-05 12:40:12,533 - Velocimacro : added VM includeOutput: source=/templates/macros/json/output.vm
2017-10-05 12:40:12,533 - ResourceManager : found /templates/macros/json/output.vm with loader org.apache.velocity.runtime.resource.loader.ClasspathResourceLoader
2017-10-05 12:40:12,534 - Velocimacro : added VM includeMessage: source=/templates/macros/json/message.vm
2017-10-05 12:40:12,534 - ResourceManager : found /templates/macros/json/message.vm with loader org.apache.velocity.runtime.resource.loader.ClasspathResourceLoader
2017-10-05 12:40:12,536 - Velocimacro : added VM includeSteps: source=/templates/macros/json/steps.vm
2017-10-05 12:40:12,536 - ResourceManager : found /templates/macros/json/steps.vm with loader org.apache.velocity.runtime.resource.loader.ClasspathResourceLoader
2017-10-05 12:40:12,537 - Velocimacro : added VM includeTags: source=/templates/macros/json/tags.vm
2017-10-05 12:40:12,537 - ResourceManager : found /templates/macros/json/tags.vm with loader org.apache.velocity.runtime.resource.loader.ClasspathResourceLoader
2017-10-05 12:40:12,544 - VM #includeNavigation: too few arguments to macro. Wanted 1 got 0
2017-10-05 12:40:12,544 - Left side ($active_tab) of '==' operation has null value. If it is a reference, it may not be in the context or its toString() returned null. /templates/macros/page/navigation.vm[line 14, column 51]
2017-10-05 12:40:12,544 - Left side ($active_tab) of '==' operation has null value. If it is a reference, it may not be in the context or its toString() returned null. /templates/macros/page/navigation.vm[line 15, column 51]
2017-10-05 12:40:12,544 - Left side ($active_tab) of '==' operation has null value. If it is a reference, it may not be in the context or its toString() returned null. /templates/macros/page/navigation.vm[line 16, column 51]
2017-10-05 12:40:12,544 - Left side ($active_tab) of '==' operation has null value. If it is a reference, it may not be in the context or its toString() returned null. /templates/macros/page/navigation.vm[line 20, column 51]
2017-10-05 12:40:12,546 - ResourceManager : found /templates/footer.vm with loader org.apache.velocity.runtime.resource.loader.ClasspathResourceLoader
2017-10-05 14:09:32,094 - Log4JLogChute initialized using file 'target\velocity.log'
2017-10-05 14:09:32,095 - Initializing Velocity, Calling init()...
2017-10-05 14:09:32,095 - Starting Apache Velocity v1.7 (compiled: 2010-11-19 12:14:37)
2017-10-05 14:09:32,095 - Default Properties File: org\apache\velocity\runtime\defaults\velocity.properties
2017-10-05 14:09:32,095 - Trying to use logger class org.apache.velocity.runtime.log.AvalonLogChute
2017-10-05 14:09:32,095 - Target log system for org.apache.velocity.runtime.log.AvalonLogChute is not available (java.lang.NoClassDefFoundError: org/apache/log/format/Formatter).  Falling back to next log system...
2017-10-05 14:09:32,095 - Trying to use logger class org.apache.velocity.runtime.log.Log4JLogChute
2017-10-05 14:09:32,095 - Using logger class org.apache.velocity.runtime.log.Log4JLogChute
2017-10-05 14:09:32,096 - ResourceLoader instantiated: org.apache.velocity.runtime.resource.loader.ClasspathResourceLoader
2017-10-05 14:09:32,104 - ResourceCache: initialized (class org.apache.velocity.runtime.resource.ResourceCacheImpl) with class java.util.Collections$SynchronizedMap cache map.
2017-10-05 14:09:32,105 - Loaded System Directive: org.apache.velocity.runtime.directive.Stop
2017-10-05 14:09:32,106 - Loaded System Directive: org.apache.velocity.runtime.directive.Define
2017-10-05 14:09:32,106 - Loaded System Directive: org.apache.velocity.runtime.directive.Break
2017-10-05 14:09:32,106 - Loaded System Directive: org.apache.velocity.runtime.directive.Evaluate
2017-10-05 14:09:32,107 - Loaded System Directive: org.apache.velocity.runtime.directive.Literal
2017-10-05 14:09:32,107 - Loaded System Directive: org.apache.velocity.runtime.directive.Macro
2017-10-05 14:09:32,108 - Loaded System Directive: org.apache.velocity.runtime.directive.Parse
2017-10-05 14:09:32,109 - Loaded System Directive: org.apache.velocity.runtime.directive.Include
2017-10-05 14:09:32,109 - Loaded System Directive: org.apache.velocity.runtime.directive.Foreach
2017-10-05 14:09:32,127 - Created '20' parsers.
2017-10-05 14:09:32,130 - Velocimacro : "velocimacro.library" is not set.  Trying default library: VM_global_library.vm
2017-10-05 14:09:32,131 - Could not load resource 'VM_global_library.vm' from ResourceLoader org.apache.velocity.runtime.resource.loader.ClasspathResourceLoader: ClasspathResourceLoader Error: cannot find resource VM_global_library.vm
2017-10-05 14:09:32,131 - Velocimacro : Default library not found.
2017-10-05 14:09:32,131 - Velocimacro : allowInline = true : VMs can be defined inline in templates
2017-10-05 14:09:32,131 - Velocimacro : allowInlineToOverride = false : VMs defined inline may NOT replace previous VM definitions
2017-10-05 14:09:32,131 - Velocimacro : allowInlineLocal = false : VMs defined inline will be global in scope if allowed.
2017-10-05 14:09:32,131 - Velocimacro : autoload off : VM system will not automatically reload global library macros
2017-10-05 14:09:32,197 - ResourceManager : found templates/generators/errorpage.vm with loader org.apache.velocity.runtime.resource.loader.ClasspathResourceLoader
2017-10-05 14:09:32,201 - ResourceManager : found /templates/headers.vm with loader org.apache.velocity.runtime.resource.loader.ClasspathResourceLoader
2017-10-05 14:09:32,202 - ResourceManager : found /templates/head.vm with loader org.apache.velocity.runtime.resource.loader.ClasspathResourceLoader
2017-10-05 14:09:32,203 - Velocimacro : added VM stringArray: source=/templates/macros/array.js.vm
2017-10-05 14:09:32,204 - Velocimacro : added VM numberArray: source=/templates/macros/array.js.vm
2017-10-05 14:09:32,204 - ResourceManager : found /templates/macros/array.js.vm with loader org.apache.velocity.runtime.resource.loader.ClasspathResourceLoader
2017-10-05 14:09:32,205 - Velocimacro : added VM includeBuildInfo: source=/templates/macros/page/buildinfo.vm
2017-10-05 14:09:32,205 - ResourceManager : found /templates/macros/page/buildinfo.vm with loader org.apache.velocity.runtime.resource.loader.ClasspathResourceLoader
2017-10-05 14:09:32,207 - Velocimacro : added VM includeClassifications: source=/templates/macros/page/classifications.vm
2017-10-05 14:09:32,207 - ResourceManager : found /templates/macros/page/classifications.vm with loader org.apache.velocity.runtime.resource.loader.ClasspathResourceLoader
2017-10-05 14:09:32,208 - Velocimacro : added VM includeLead: source=/templates/macros/page/lead.vm
2017-10-05 14:09:32,208 - ResourceManager : found /templates/macros/page/lead.vm with loader org.apache.velocity.runtime.resource.loader.ClasspathResourceLoader
2017-10-05 14:09:32,210 - Velocimacro : added VM includeNavigation: source=/templates/macros/page/navigation.vm
2017-10-05 14:09:32,210 - ResourceManager : found /templates/macros/page/navigation.vm with loader org.apache.velocity.runtime.resource.loader.ClasspathResourceLoader
2017-10-05 14:09:32,211 - Velocimacro : added VM includeReportInfo: source=/templates/macros/page/reportInfo.vm
2017-10-05 14:09:32,211 - ResourceManager : found /templates/macros/page/reportInfo.vm with loader org.apache.velocity.runtime.resource.loader.ClasspathResourceLoader
2017-10-05 14:09:32,212 - Velocimacro : added VM includeTitle: source=/templates/macros/page/title.vm
2017-10-05 14:09:32,212 - ResourceManager : found /templates/macros/page/title.vm with loader org.apache.velocity.runtime.resource.loader.ClasspathResourceLoader
2017-10-05 14:09:32,212 - Velocimacro : added VM includeExpandingButtons: source=/templates/macros/report/expandAllButtons.vm
2017-10-05 14:09:32,212 - ResourceManager : found /templates/macros/report/expandAllButtons.vm with loader org.apache.velocity.runtime.resource.loader.ClasspathResourceLoader
2017-10-05 14:09:32,215 - Velocimacro : added VM includeReportTable: source=/templates/macros/report/reportTable.vm
2017-10-05 14:09:32,215 - ResourceManager : found /templates/macros/report/reportTable.vm with loader org.apache.velocity.runtime.resource.loader.ClasspathResourceLoader
2017-10-05 14:09:32,217 - Velocimacro : added VM includeReportHeader: source=/templates/macros/report/reportHeader.vm
2017-10-05 14:09:32,217 - ResourceManager : found /templates/macros/report/reportHeader.vm with loader org.apache.velocity.runtime.resource.loader.ClasspathResourceLoader
2017-10-05 14:09:32,220 - Velocimacro : added VM includeStatsTable: source=/templates/macros/report/statsTable.vm
2017-10-05 14:09:32,220 - ResourceManager : found /templates/macros/report/statsTable.vm with loader org.apache.velocity.runtime.resource.loader.ClasspathResourceLoader
2017-10-05 14:09:32,221 - Velocimacro : added VM includeBrief: source=/templates/macros/json/brief.vm
2017-10-05 14:09:32,221 - ResourceManager : found /templates/macros/json/brief.vm with loader org.apache.velocity.runtime.resource.loader.ClasspathResourceLoader
2017-10-05 14:09:32,221 - Velocimacro : added VM includeDocString: source=/templates/macros/json/docstring.vm
2017-10-05 14:09:32,221 - ResourceManager : found /templates/macros/json/docstring.vm with loader org.apache.velocity.runtime.resource.loader.ClasspathResourceLoader
2017-10-05 14:09:32,222 - Velocimacro : added VM includeDuration: source=/templates/macros/json/duration.vm
2017-10-05 14:09:32,222 - ResourceManager : found /templates/macros/json/duration.vm with loader org.apache.velocity.runtime.resource.loader.ClasspathResourceLoader
2017-10-05 14:09:32,224 - Velocimacro : added VM includeElement: source=/templates/macros/json/element.vm
2017-10-05 14:09:32,224 - ResourceManager : found /templates/macros/json/element.vm with loader org.apache.velocity.runtime.resource.loader.ClasspathResourceLoader
2017-10-05 14:09:32,228 - Velocimacro : added VM includeEmbeddings: source=/templates/macros/json/embeddings.vm
2017-10-05 14:09:32,229 - Velocimacro : added VM includeHtmlEmbedding: source=/templates/macros/json/embeddings.vm
2017-10-05 14:09:32,229 - Velocimacro : added VM includeImageEmbedding: source=/templates/macros/json/embeddings.vm
2017-10-05 14:09:32,229 - Velocimacro : added VM includeImageReferenceEmbedding: source=/templates/macros/json/embeddings.vm
2017-10-05 14:09:32,229 - Velocimacro : added VM includeTextEmbedding: source=/templates/macros/json/embeddings.vm
2017-10-05 14:09:32,229 - Velocimacro : added VM includeUnknownEmbedding: source=/templates/macros/json/embeddings.vm
2017-10-05 14:09:32,229 - ResourceManager : found /templates/macros/json/embeddings.vm with loader org.apache.velocity.runtime.resource.loader.ClasspathResourceLoader
2017-10-05 14:09:32,230 - Velocimacro : added VM includeHooks: source=/templates/macros/json/hooks.vm
2017-10-05 14:09:32,230 - ResourceManager : found /templates/macros/json/hooks.vm with loader org.apache.velocity.runtime.resource.loader.ClasspathResourceLoader
2017-10-05 14:09:32,232 - Velocimacro : added VM includeOutput: source=/templates/macros/json/output.vm
2017-10-05 14:09:32,232 - ResourceManager : found /templates/macros/json/output.vm with loader org.apache.velocity.runtime.resource.loader.ClasspathResourceLoader
2017-10-05 14:09:32,233 - Velocimacro : added VM includeMessage: source=/templates/macros/json/message.vm
2017-10-05 14:09:32,233 - ResourceManager : found /templates/macros/json/message.vm with loader org.apache.velocity.runtime.resource.loader.ClasspathResourceLoader
2017-10-05 14:09:32,234 - Velocimacro : added VM includeSteps: source=/templates/macros/json/steps.vm
2017-10-05 14:09:32,234 - ResourceManager : found /templates/macros/json/steps.vm with loader org.apache.velocity.runtime.resource.loader.ClasspathResourceLoader
2017-10-05 14:09:32,235 - Velocimacro : added VM includeTags: source=/templates/macros/json/tags.vm
2017-10-05 14:09:32,235 - ResourceManager : found /templates/macros/json/tags.vm with loader org.apache.velocity.runtime.resource.loader.ClasspathResourceLoader
2017-10-05 14:09:32,241 - VM #includeNavigation: too few arguments to macro. Wanted 1 got 0
2017-10-05 14:09:32,242 - Left side ($active_tab) of '==' operation has null value. If it is a reference, it may not be in the context or its toString() returned null. /templates/macros/page/navigation.vm[line 14, column 51]
2017-10-05 14:09:32,242 - Left side ($active_tab) of '==' operation has null value. If it is a reference, it may not be in the context or its toString() returned null. /templates/macros/page/navigation.vm[line 15, column 51]
2017-10-05 14:09:32,242 - Left side ($active_tab) of '==' operation has null value. If it is a reference, it may not be in the context or its toString() returned null. /templates/macros/page/navigation.vm[line 16, column 51]
2017-10-05 14:09:32,242 - Left side ($active_tab) of '==' operation has null value. If it is a reference, it may not be in the context or its toString() returned null. /templates/macros/page/navigation.vm[line 20, column 51]
2017-10-05 14:09:32,243 - ResourceManager : found /templates/footer.vm with loader org.apache.velocity.runtime.resource.loader.ClasspathResourceLoader
